  [1m[36m (0.1ms)[0m  [1mselect sqlite_version(*)[0m
  [1m[35m (2.0ms)[0m  CREATE TABLE "schema_migrations" ("version" varchar(255) NOT NULL) 
  [1m[36m (0.1ms)[0m  [1mPRAGMA index_list("schema_migrations")[0m
  [1m[35m (2.1ms)[0m  CREATE UNIQUE INDEX "unique_schema_migrations" ON "schema_migrations" ("version")
  [1m[36m (0.1ms)[0m  [1mSELECT "schema_migrations"."version" FROM "schema_migrations" [0m
Migrating to CreateInvestmentCompanies (20111025170043)
  [1m[35mforcetrue (0.1ms)[0m  investment_companies
SQLite3::SQLException: near "investment_companies": syntax error: investment_companies
  [1m[36m (0.1ms)[0m  [1mSELECT "schema_migrations"."version" FROM "schema_migrations" [0m
Migrating to CreateInvestmentCompanies (20111025170043)
  [1m[35m (0.0ms)[0m  select sqlite_version(*)
  [1m[36m (0.2ms)[0m  [1mDROP TABLE "investment_companies"[0m
SQLite3::SQLException: no such table: investment_companies: DROP TABLE "investment_companies"
  [1m[36m (0.1ms)[0m  [1mSELECT "schema_migrations"."version" FROM "schema_migrations" [0m
  [1m[35m (0.1ms)[0m  select sqlite_version(*)
  [1m[36m (0.1ms)[0m  [1mSELECT "schema_migrations"."version" FROM "schema_migrations" [0m
  [1m[36m (0.1ms)[0m  [1mSELECT "schema_migrations"."version" FROM "schema_migrations" [0m
Migrating to CreateInvestmentCompanies (20111025170043)
  [1m[35m (0.0ms)[0m  select sqlite_version(*)
  [1m[36m (0.2ms)[0m  [1mDROP TABLE "investment_companies"[0m
SQLite3::SQLException: no such table: investment_companies: DROP TABLE "investment_companies"
  [1m[36m (0.1ms)[0m  [1mSELECT "schema_migrations"."version" FROM "schema_migrations" [0m
  [1m[35m (0.1ms)[0m  select sqlite_version(*)
  [1m[36m (0.1ms)[0m  [1mSELECT "schema_migrations"."version" FROM "schema_migrations" [0m
  [1m[36m (0.1ms)[0m  [1mSELECT "schema_migrations"."version" FROM "schema_migrations" [0m
Migrating to CreateInvestmentCompanies (20111025170043)
  [1m[35m (0.0ms)[0m  select sqlite_version(*)
  [1m[36m (0.1ms)[0m  [1mSELECT "schema_migrations"."version" FROM "schema_migrations" [0m
  [1m[35m (0.1ms)[0m  select sqlite_version(*)
  [1m[36m (0.1ms)[0m  [1mSELECT "schema_migrations"."version" FROM "schema_migrations" [0m
  [1m[36m (0.1ms)[0m  [1mSELECT "schema_migrations"."version" FROM "schema_migrations" [0m
Migrating to CreateInvestmentCompanies (20111025170043)
  [1m[35m (0.0ms)[0m  select sqlite_version(*)
  [1m[36m (0.1ms)[0m  [1mSELECT "schema_migrations"."version" FROM "schema_migrations" [0m
  [1m[35m (0.1ms)[0m  select sqlite_version(*)
  [1m[36m (0.1ms)[0m  [1mSELECT "schema_migrations"."version" FROM "schema_migrations" [0m
  [1m[36m (0.1ms)[0m  [1mSELECT "schema_migrations"."version" FROM "schema_migrations" [0m
Migrating to CreateInvestmentCompanies (20111025170043)
  [1m[35m (0.0ms)[0m  select sqlite_version(*)
  [1m[36m (0.5ms)[0m  [1mCREATE TABLE "investment_companies" ("id" INTEGER PRIMARY KEY AUTOINCREMENT NOT NULL, "name" varchar(255) NOT NULL, "city" varchar(255), "state" varchar(255), "phone" varchar(255), "email" varchar(255), "website" varchar(255), "created_at" datetime, "updated_at" datetime) [0m
  [1m[35m (0.1ms)[0m  INSERT INTO "schema_migrations" ("version") VALUES ('20111025170043')
Migrating to CreateAdvisors (20111025171030)
  [1m[36m (0.4ms)[0m  [1mCREATE TABLE "advisors" ("id" INTEGER PRIMARY KEY AUTOINCREMENT NOT NULL, "investment_company_id" integer, "first_name" varchar(255) NOT NULL, "last_name" varchar(255) NOT NULL, "phone" varchar(255), "email" varchar(255), "created_at" datetime, "updated_at" datetime) [0m
  [1m[35m (0.1ms)[0m  INSERT INTO "schema_migrations" ("version") VALUES ('20111025171030')
  [1m[36m (0.1ms)[0m  [1mselect sqlite_version(*)[0m
  [1m[35m (0.1ms)[0m  SELECT "schema_migrations"."version" FROM "schema_migrations" 
  [1m[36m (0.0ms)[0m  [1mPRAGMA index_list("advisors")[0m
  [1m[35m (0.0ms)[0m  PRAGMA index_list("investment_companies")
