  [1m[36m (0.1ms)[0m  [1mselect sqlite_version(*)[0m
  [1m[35m (21.4ms)[0m  CREATE TABLE "schema_migrations" ("version" varchar(255) NOT NULL) 
  [1m[36m (0.1ms)[0m  [1mPRAGMA index_list("schema_migrations")[0m
  [1m[35m (17.9ms)[0m  CREATE UNIQUE INDEX "unique_schema_migrations" ON "schema_migrations" ("version")
  [1m[36m (0.1ms)[0m  [1mSELECT "schema_migrations"."version" FROM "schema_migrations" [0m
Migrating to CreateEpicFailFailures (20110920230244)
  [1m[35m (0.5ms)[0m  CREATE TABLE "epic_fail_failures" ("id" INTEGER PRIMARY KEY AUTOINCREMENT NOT NULL, "exception" text, "message" text, "backtrace" text, "created_at" datetime, "updated_at" datetime) 
  [1m[36m (0.1ms)[0m  [1mINSERT INTO "schema_migrations" ("version") VALUES ('20110920230244')[0m
  [1m[35m (0.3ms)[0m  select sqlite_version(*)
  [1m[36m (0.1ms)[0m  [1mSELECT "schema_migrations"."version" FROM "schema_migrations" [0m
  [1m[35m (0.0ms)[0m  PRAGMA index_list("epic_fail_failures")
  [1m[36m (0.1ms)[0m  [1mselect sqlite_version(*)[0m
  [1m[35m (1.6ms)[0m  CREATE TABLE "schema_migrations" ("version" varchar(255) NOT NULL) 
  [1m[36m (0.0ms)[0m  [1mPRAGMA index_list("schema_migrations")[0m
  [1m[35m (2.0ms)[0m  CREATE UNIQUE INDEX "unique_schema_migrations" ON "schema_migrations" ("version")
  [1m[36m (0.1ms)[0m  [1mSELECT "schema_migrations"."version" FROM "schema_migrations" [0m
Migrating to CreateInvestmentCompanies (20111025170043)
  [1m[35m (0.6ms)[0m  CREATE TABLE "investment_companies" ("id" INTEGER PRIMARY KEY AUTOINCREMENT NOT NULL, "business_name" varchar(255), "legal_name" varchar(255), "card_number" varchar(255), "sec_number" varchar(255), "address_1" varchar(255), "address_2" varchar(255), "city" varchar(255), "state_abbr" varchar(255), "zip_code" varchar(255), "phone" varchar(255), "fax" varchar(255), "email" varchar(255), "website" varchar(255), "registration_status" varchar(255), "registration_effective_date" date, "created_at" datetime, "updated_at" datetime) 
  [1m[36m (0.1ms)[0m  [1mINSERT INTO "schema_migrations" ("version") VALUES ('20111025170043')[0m
Migrating to CreateInvestmentAdvisors (20111025171030)
  [1m[35m (0.5ms)[0m  CREATE TABLE "advisors" ("id" INTEGER PRIMARY KEY AUTOINCREMENT NOT NULL, "investment_company_id" integer, "first_name" varchar(255) NOT NULL, "last_name" varchar(255) NOT NULL, "phone" varchar(255), "fax" varchar(255), "email" varchar(255), "crd_num" varchar(255), "sec_num" varchar(255), "reg_status" varchar(255), "reg_date" datetime, "created_at" datetime, "updated_at" datetime) 
  [1m[36m (0.1ms)[0m  [1mINSERT INTO "schema_migrations" ("version") VALUES ('20111025171030')[0m
  [1m[35m (0.1ms)[0m  select sqlite_version(*)
  [1m[36m (0.1ms)[0m  [1mSELECT "schema_migrations"."version" FROM "schema_migrations" [0m
  [1m[35m (0.0ms)[0m  PRAGMA index_list("advisors")
  [1m[36m (0.0ms)[0m  [1mPRAGMA index_list("investment_companies")[0m
  [1m[36m (0.1ms)[0m  [1mselect sqlite_version(*)[0m
  [1m[35m (1.6ms)[0m  CREATE TABLE "schema_migrations" ("version" varchar(255) NOT NULL) 
  [1m[36m (0.0ms)[0m  [1mPRAGMA index_list("schema_migrations")[0m
  [1m[35m (1.4ms)[0m  CREATE UNIQUE INDEX "unique_schema_migrations" ON "schema_migrations" ("version")
  [1m[36m (0.1ms)[0m  [1mSELECT "schema_migrations"."version" FROM "schema_migrations" [0m
Migrating to CreateInvestmentCompanies (20111104130933)
  [1m[35m (0.6ms)[0m  CREATE TABLE "investment_companies" ("id" INTEGER PRIMARY KEY AUTOINCREMENT NOT NULL, "business_name" varchar(255), "legal_name" varchar(255), "card_number" varchar(255), "sec_number" varchar(255), "address_1" varchar(255), "address_2" varchar(255), "city" varchar(255), "state_abbr" varchar(255), "zip_code" varchar(255), "phone" varchar(255), "fax" varchar(255), "email" varchar(255), "website" varchar(255), "registration_status" varchar(255), "registration_effective_date" date, "created_at" datetime, "updated_at" datetime) 
  [1m[36m (0.1ms)[0m  [1mINSERT INTO "schema_migrations" ("version") VALUES ('20111104130933')[0m
Migrating to CreateInvestmentAdvisors (20111104130934)
  [1m[35m (0.5ms)[0m  CREATE TABLE "advisors" ("id" INTEGER PRIMARY KEY AUTOINCREMENT NOT NULL, "investment_company_id" integer, "first_name" varchar(255) NOT NULL, "last_name" varchar(255) NOT NULL, "phone" varchar(255), "fax" varchar(255), "email" varchar(255), "crd_num" varchar(255), "sec_num" varchar(255), "reg_status" varchar(255), "reg_date" datetime, "created_at" datetime, "updated_at" datetime) 
  [1m[36m (0.2ms)[0m  [1mINSERT INTO "schema_migrations" ("version") VALUES ('20111104130934')[0m
  [1m[35m (0.1ms)[0m  select sqlite_version(*)
  [1m[36m (0.1ms)[0m  [1mSELECT "schema_migrations"."version" FROM "schema_migrations" [0m
  [1m[35m (0.0ms)[0m  PRAGMA index_list("advisors")
  [1m[36m (0.0ms)[0m  [1mPRAGMA index_list("investment_companies")[0m
  [1m[36m (0.1ms)[0m  [1mSELECT "schema_migrations"."version" FROM "schema_migrations" [0m
Migrating to CreateInvestmentCompanies (20111104130933)
Migrating to CreateInvestmentAdvisors (20111104130934)
  [1m[35m (0.1ms)[0m  select sqlite_version(*)
  [1m[36m (0.1ms)[0m  [1mSELECT "schema_migrations"."version" FROM "schema_migrations" [0m
  [1m[35m (0.0ms)[0m  PRAGMA index_list("advisors")
  [1m[36m (0.0ms)[0m  [1mPRAGMA index_list("investment_companies")[0m
  [1m[36m (0.1ms)[0m  [1mSELECT "schema_migrations"."version" FROM "schema_migrations" [0m
  [1m[35m (0.1ms)[0m  select sqlite_version(*)
  [1m[36m (1.8ms)[0m  [1mCREATE TABLE "advisors" ("id" INTEGER PRIMARY KEY AUTOINCREMENT NOT NULL, "investment_company_id" integer, "first_name" varchar(255) NOT NULL, "last_name" varchar(255) NOT NULL, "phone" varchar(255), "fax" varchar(255), "email" varchar(255), "crd_num" varchar(255), "sec_num" varchar(255), "reg_status" varchar(255), "reg_date" datetime, "created_at" datetime, "updated_at" datetime) [0m
  [1m[35m (1.8ms)[0m  CREATE TABLE "investment_companies" ("id" INTEGER PRIMARY KEY AUTOINCREMENT NOT NULL, "business_name" varchar(255), "legal_name" varchar(255), "card_number" varchar(255), "sec_number" varchar(255), "address_1" varchar(255), "address_2" varchar(255), "city" varchar(255), "state_abbr" varchar(255), "zip_code" varchar(255), "phone" varchar(255), "fax" varchar(255), "email" varchar(255), "website" varchar(255), "registration_status" varchar(255), "registration_effective_date" date, "created_at" datetime, "updated_at" datetime) 
  [1m[36m (3.2ms)[0m  [1mCREATE TABLE "schema_migrations" ("version" varchar(255) NOT NULL) [0m
  [1m[35m (0.4ms)[0m  PRAGMA index_list("schema_migrations")
  [1m[36m (1.7ms)[0m  [1mCREATE UNIQUE INDEX "unique_schema_migrations" ON "schema_migrations" ("version")[0m
  [1m[35m (0.1ms)[0m  SELECT version FROM "schema_migrations"
  [1m[36m (1.4ms)[0m  [1mINSERT INTO "schema_migrations" (version) VALUES ('20111104130934')[0m
  [1m[35m (1.4ms)[0m  INSERT INTO "schema_migrations" (version) VALUES ('20111104130933')
  [1m[36m (0.1ms)[0m  [1mSELECT "schema_migrations"."version" FROM "schema_migrations" [0m
Migrating to CreateInvestmentCompanies (20111025170043)
  [1m[35m (0.1ms)[0m  select sqlite_version(*)
  [1m[36m (0.2ms)[0m  [1mCREATE TABLE "investment_companies" ("id" INTEGER PRIMARY KEY AUTOINCREMENT NOT NULL, "business_name" varchar(255), "legal_name" varchar(255), "card_number" varchar(255), "sec_number" varchar(255), "address_1" varchar(255), "address_2" varchar(255), "city" varchar(255), "state_abbr" varchar(255), "zip_code" varchar(255), "phone" varchar(255), "fax" varchar(255), "email" varchar(255), "website" varchar(255), "registration_status" varchar(255), "registration_effective_date" date, "created_at" datetime, "updated_at" datetime) [0m
SQLite3::SQLException: table "investment_companies" already exists: CREATE TABLE "investment_companies" ("id" INTEGER PRIMARY KEY AUTOINCREMENT NOT NULL, "business_name" varchar(255), "legal_name" varchar(255), "card_number" varchar(255), "sec_number" varchar(255), "address_1" varchar(255), "address_2" varchar(255), "city" varchar(255), "state_abbr" varchar(255), "zip_code" varchar(255), "phone" varchar(255), "fax" varchar(255), "email" varchar(255), "website" varchar(255), "registration_status" varchar(255), "registration_effective_date" date, "created_at" datetime, "updated_at" datetime) 
  [1m[36m (0.1ms)[0m  [1mselect sqlite_version(*)[0m
  [1m[35m (3.2ms)[0m  CREATE TABLE "schema_migrations" ("version" varchar(255) NOT NULL) 
  [1m[36m (0.1ms)[0m  [1mPRAGMA index_list("schema_migrations")[0m
  [1m[35m (1.7ms)[0m  CREATE UNIQUE INDEX "unique_schema_migrations" ON "schema_migrations" ("version")
  [1m[36m (0.1ms)[0m  [1mSELECT "schema_migrations"."version" FROM "schema_migrations" [0m
Migrating to CreateInvestmentCompanies (20111025170043)
  [1m[35m (0.5ms)[0m  CREATE TABLE "investment_companies" ("id" INTEGER PRIMARY KEY AUTOINCREMENT NOT NULL, "business_name" varchar(255), "legal_name" varchar(255), "card_number" varchar(255), "sec_number" varchar(255), "address_1" varchar(255), "address_2" varchar(255), "city" varchar(255), "state_abbr" varchar(255), "zip_code" varchar(255), "phone" varchar(255), "fax" varchar(255), "email" varchar(255), "website" varchar(255), "registration_status" varchar(255), "registration_effective_date" date, "created_at" datetime, "updated_at" datetime) 
  [1m[36m (0.1ms)[0m  [1mINSERT INTO "schema_migrations" ("version") VALUES ('20111025170043')[0m
Migrating to CreateInvestmentAdvisors (20111025171030)
  [1m[35m (0.5ms)[0m  CREATE TABLE "advisors" ("id" INTEGER PRIMARY KEY AUTOINCREMENT NOT NULL, "investment_company_id" integer, "first_name" varchar(255) NOT NULL, "last_name" varchar(255) NOT NULL, "phone" varchar(255), "fax" varchar(255), "email" varchar(255), "crd_num" varchar(255), "sec_num" varchar(255), "reg_status" varchar(255), "reg_date" datetime, "created_at" datetime, "updated_at" datetime) 
  [1m[36m (0.1ms)[0m  [1mINSERT INTO "schema_migrations" ("version") VALUES ('20111025171030')[0m
  [1m[35m (0.3ms)[0m  select sqlite_version(*)
  [1m[36m (0.1ms)[0m  [1mSELECT "schema_migrations"."version" FROM "schema_migrations" [0m
  [1m[35m (0.0ms)[0m  PRAGMA index_list("advisors")
  [1m[36m (0.0ms)[0m  [1mPRAGMA index_list("investment_companies")[0m
